#
# A fatal error has been detected by the Java Runtime Environment:
#
#  EXCEPTION_ACCESS_VIOLATION (0xc0000005) at pc=0x0000000000000000, pid=7260, tid=12372
#
# JRE version: OpenJDK Runtime Environment Microsoft-8035246 (17.0.8+7) (build 17.0.8+7-LTS)
# Java VM: OpenJDK 64-Bit Server VM Microsoft-8035246 (17.0.8+7-LTS, mixed mode, sharing, tiered, compressed oops, compressed class ptrs, g1 gc, windows-amd64)
# Problematic frame:
# V  [jvm.dll+0x6a157b]
#
# No core dump will be written. Minidumps are not enabled by default on client versions of Windows
#
# If you would like to submit a bug report, please visit:
#   https://github.com/microsoft/openjdk/issues
#

---------------  S U M M A R Y ------------

Command Line: -Xmx64m -Xms64m -Dorg.gradle.appname=gradlew org.gradle.wrapper.GradleWrapperMain app:assembleDebug -x lint -x test --configure-on-demand --build-cache -PreactNativeDevServerPort=8081 -PreactNativeArchitectures=arm64-v8a,armeabi-v7a

Host: Intel(R) Core(TM) i3-1005G1 CPU @ 1.20GHz, 4 cores, 11G,  Windows 11 , 64 bit Build 22621 (10.0.22621.4391)
Time: Wed Jan 22 16:56:55 2025 Pakistan Standard Time elapsed time: 121.740116 seconds (0d 0h 2m 1s)

---------------  T H R E A D  ---------------

Current thread (0x0000029df63cee70):  JavaThread "C2 CompilerThread0" daemon [_thread_in_native, id=12372, stack(0x000000dd48c00000,0x000000dd48d00000)]


Current CompileTask:
C2: 121740 1901       4       org.gradle.internal.logging.console.BuildStatusRenderer::onOutput (350 bytes)

Stack: [0x000000dd48c00000,0x000000dd48d00000],  sp=0x000000dd48cfabc0,  free space=1002k
Native frames: (J=compiled Java code, j=interpreted, Vv=VM code, C=native code)


siginfo: EXCEPTION_ACCESS_VIOLATION (0xc0000005), data execution prevention violation at address 0x0000000000000000


Register to memory mapping:

RIP=0x0 is NULL
RAX=0x0000029df6422c98 points into unknown readable memory: 0x0000029df6422c68 | 68 2c 42 f6 9d 02 00 00
RBX=0x000000dd48cfeaf8 is pointing into the stack for thread: 0x0000029df63cee70
RCX=0x0000029df6420868 points into unknown readable memory: 0x0000029df6422c98 | 98 2c 42 f6 9d 02 00 00
RDX=0x0 is NULL
RSP=0x000000dd48cfabb8 is pointing into the stack for thread: 0x0000029df63cee70
RBP=0x00000000000004b3 is an unknown value
RSI=0x00000000fb8a634c is an unknown value
RDI=0x0000029df6420868 points into unknown readable memory: 0x0000029df6422c98 | 98 2c 42 f6 9d 02 00 00
R8 =0x0000029dfb6705e0 points into unknown readable memory: 0x00007ffca9306770 | 70 67 30 a9 fc 7f 00 00
R9 =0x0000029df65b0070 points into unknown readable memory: 0x0000000000000000 | 00 00 00 00 00 00 00 00
R10=0x000000000000034d is an unknown value
R11=0x0000000000000fff is an unknown value
R12=0x0 is NULL
R13=0x0000000000000149 is an unknown value
R14=0x0000029dfb66e050 points into unknown readable memory: 0x0000029dfb89b8f8 | f8 b8 89 fb 9d 02 00 00
R15=0x0000000000000800 is an unknown value


Registers:
RAX=0x0000029df6422c98, RBX=0x000000dd48cfeaf8, RCX=0x0000029df6420868, RDX=0x0000000000000000
RSP=0x000000dd48cfabb8, RBP=0x00000000000004b3, RSI=0x00000000fb8a634c, RDI=0x0000029df6420868
R8 =0x0000029dfb6705e0, R9 =0x0000029df65b0070, R10=0x000000000000034d, R11=0x0000000000000fff
R12=0x0000000000000000, R13=0x0000000000000149, R14=0x0000029dfb66e050, R15=0x0000000000000800
RIP=0x0000000000000000, EFLAGS=0x0000000000010287

Top of Stack: (sp=0x000000dd48cfabb8)
0x000000dd48cfabb8:   00007ffca90f157b 000000dd48cfeaf8
0x000000dd48cfabc8:   0000000003592b49 0000000000008000
0x000000dd48cfabd8:   0000029d7fffffff 0000029df65ab698
0x000000dd48cfabe8:   0000000000000148 0000000000000000
0x000000dd48cfabf8:   00007ffca90f1963 0000000000000000
0x000000dd48cfac08:   0000029df6421590 000000dd48cfeaf8
0x000000dd48cfac18:   000000dd48cfb290 0000000000000000
0x000000dd48cfac28:   000000dd48cfb290 000000dd48cfb290
0x000000dd48cfac38:   0000000000000000 0000029df65ab698
0x000000dd48cfac48:   00007ffca90f3464 0000029df6421590
0x000000dd48cfac58:   0000029df6421590 0000000000000000
0x000000dd48cfac68:   000000dd48cfe170 0000029df6421590
0x000000dd48cfac78:   00007ffca8d98225 000000000000000a
0x000000dd48cfac88:   0000000000000000 0000029df65ab600
0x000000dd48cfac98:   000000000000000a 0000000000000000
0x000000dd48cfaca8:   0000029df6421590 0000029d0000000a 

Instructions: (pc=0x00007ffca90f157b)
0x00007ffca90f147b:   cc cc cc cc cc 48 85 d2 74 1b 8b 52 28 48 8b 41
0x00007ffca90f148b:   50 48 8b 0c d0 48 85 c9 74 0b 33 c0 83 79 10 04
0x00007ffca90f149b:   48 0f 44 c1 c3 33 c0 c3 cc cc cc cc cc cc cc cc
0x00007ffca90f14ab:   cc cc cc cc cc 48 89 5c 24 10 48 89 74 24 18 57
0x00007ffca90f14bb:   41 56 41 57 48 83 ec 20 44 8b 79 08 48 8b d9 48
0x00007ffca90f14cb:   8b 39 4c 8b 71 18 c7 41 0c 00 00 00 00 43 8d 04
0x00007ffca90f14db:   3f 8b f0 89 41 08 48 8b 4f 18 48 c1 e6 03 48 8b
0x00007ffca90f14eb:   c6 48 f7 d0 48 3b c1 73 16 4c 8d 05 65 74 27 00
0x00007ffca90f14fb:   48 8b d6 48 8b cf e8 8a b6 a0 ff 48 8b 4f 18 48
0x00007ffca90f150b:   8d 04 31 48 3b 47 20 76 13 45 33 c0 48 8b d6 48
0x00007ffca90f151b:   8b cf e8 2e b4 a0 ff 48 8b c8 eb 04 48 89 47 18
0x00007ffca90f152b:   44 8b 43 08 33 d2 49 c1 e0 03 48 89 4b 18 e8 14
0x00007ffca90f153b:   4c 1f 00 8b 4b 08 8b c1 c1 e8 02 2b c8 89 4b 10
0x00007ffca90f154b:   45 85 ff 0f 84 87 00 00 00 48 89 6c 24 40 49 8b
0x00007ffca90f155b:   ef 0f 1f 40 00 49 8b 3e 4d 8d 76 08 48 85 ff 74
0x00007ffca90f156b:   64 48 3b 7b 20 74 5e 48 8b 07 48 8b cf ff 50 58
0x00007ffca90f157b:   8b f0 85 c0 74 4f ff 43 0c 8b 4b 0c 3b 4b 10 75
0x00007ffca90f158b:   08 48 8b cb e8 1c ff ff ff 44 8b 5b 08 4c 8b 4b
0x00007ffca90f159b:   18 41 ff cb 41 8b c3 23 c6 44 8b d0 41 83 ca 01
0x00007ffca90f15ab:   49 8b 14 c1 48 85 d2 74 18 4c 8b 43 20 49 3b d0
0x00007ffca90f15bb:   74 0f 41 03 c2 41 23 c3 49 8b 14 c1 48 85 d2 75
0x00007ffca90f15cb:   ec 49 89 3c c1 48 83 ed 01 75 8a 48 8b 6c 24 40
0x00007ffca90f15db:   48 8b 5c 24 48 48 8b 74 24 50 48 83 c4 20 41 5f
0x00007ffca90f15eb:   41 5e 5f c3 cc 48 89 5c 24 08 48 89 6c 24 10 48
0x00007ffca90f15fb:   89 74 24 18 57 48 83 ec 30 83 79 08 00 8b f2 48
0x00007ffca90f160b:   8b f9 75 56 48 8b 19 c7 41 08 01 00 00 00 48 8b
0x00007ffca90f161b:   43 18 48 83 f8 ef 76 18 4c 8d 05 36 73 27 00 ba
0x00007ffca90f162b:   10 00 00 00 48 8b cb e8 59 b5 a0 ff 48 8b 43 18
0x00007ffca90f163b:   48 8d 48 10 48 3b 4b 20 76 11 45 33 c0 48 8b cb
0x00007ffca90f164b:   41 8d 50 10 e8 fc b2 a0 ff eb 04 48 89 4b 18 48
0x00007ffca90f165b:   89 47 10 48 c7 00 00 00 00 00 8b 6f 08 8d 56 01
0x00007ffca90f166b:   85 d2 74 04 85 d6 74 0c 0f bd ca ba 01 00 00 00 


Stack slot to memory mapping:
stack at sp + 0 slots: 0x000000dd48cfeaf8 is pointing into the stack for thread: 0x0000029df63cee70
stack at sp + 1 slots: 0x0000000003592b49 is an unknown value
stack at sp + 2 slots: 0x0000000000008000 is an unknown value
stack at sp + 3 slots: 0x0000029d7fffffff is an unknown value
stack at sp + 4 slots: 0x0000029df65ab698 points into unknown readable memory: 0x00007ffca93b3cf8 | f8 3c 3b a9 fc 7f 00 00
stack at sp + 5 slots: 0x0000000000000148 is an unknown value
stack at sp + 6 slots: 0x0 is NULL
stack at sp + 7 slots: 0x00007ffca90f1963 jvm.dll


---------------  P R O C E S S  ---------------

Threads class SMR info:
_java_thread_list=0x0000029dfba16eb0, length=13, elements={
0x0000029dec26f650, 0x0000029dec307650, 0x0000029dec308120, 0x0000029dec31ca40,
0x0000029dec31d410, 0x0000029dec31e0e0, 0x0000029dec31e9b0, 0x0000029df63cee70,
0x0000029df63d97e0, 0x0000029df63debd0, 0x0000029df6613640, 0x0000029df6613b20,
0x0000029dfb874030
}

Java Threads: ( => current thread )
  0x0000029dec26f650 JavaThread "main" [_thread_in_native, id=7796, stack(0x000000dd47f00000,0x000000dd48000000)]
  0x0000029dec307650 JavaThread "Reference Handler" daemon [_thread_blocked, id=828, stack(0x000000dd48600000,0x000000dd48700000)]
  0x0000029dec308120 JavaThread "Finalizer" daemon [_thread_blocked, id=5428, stack(0x000000dd48700000,0x000000dd48800000)]
  0x0000029dec31ca40 JavaThread "Signal Dispatcher" daemon [_thread_blocked, id=7376, stack(0x000000dd48800000,0x000000dd48900000)]
  0x0000029dec31d410 JavaThread "Attach Listener" daemon [_thread_blocked, id=1148, stack(0x000000dd48900000,0x000000dd48a00000)]
  0x0000029dec31e0e0 JavaThread "Service Thread" daemon [_thread_blocked, id=14856, stack(0x000000dd48a00000,0x000000dd48b00000)]
  0x0000029dec31e9b0 JavaThread "Monitor Deflation Thread" daemon [_thread_blocked, id=1184, stack(0x000000dd48b00000,0x000000dd48c00000)]
=>0x0000029df63cee70 JavaThread "C2 CompilerThread0" daemon [_thread_in_native, id=12372, stack(0x000000dd48c00000,0x000000dd48d00000)]
  0x0000029df63d97e0 JavaThread "C1 CompilerThread0" daemon [_thread_blocked, id=7640, stack(0x000000dd48d00000,0x000000dd48e00000)]
  0x0000029df63debd0 JavaThread "Sweeper thread" daemon [_thread_blocked, id=8384, stack(0x000000dd48e00000,0x000000dd48f00000)]
  0x0000029df6613640 JavaThread "Notification Thread" daemon [_thread_blocked, id=8184, stack(0x000000dd48f00000,0x000000dd49000000)]
  0x0000029df6613b20 JavaThread "Common-Cleaner" daemon [_thread_blocked, id=6928, stack(0x000000dd49100000,0x000000dd49200000)]
  0x0000029dfb874030 JavaThread "pool-1-thread-1" [_thread_in_native, id=5912, stack(0x000000dd49700000,0x000000dd49800000)]

Other Threads:
  0x0000029dec302880 VMThread "VM Thread" [stack: 0x000000dd48500000,0x000000dd48600000] [id=2272]
  0x0000029dec29b1e0 WatcherThread [stack: 0x000000dd49000000,0x000000dd49100000] [id=7312]
  0x0000029dec28fe60 GCTaskThread "GC Thread#0" [stack: 0x000000dd48000000,0x000000dd48100000] [id=6352]
  0x0000029df67241f0 GCTaskThread "GC Thread#1" [stack: 0x000000dd49200000,0x000000dd49300000] [id=10704]
  0x0000029df67abb80 GCTaskThread "GC Thread#2" [stack: 0x000000dd49300000,0x000000dd49400000] [id=4608]
  0x0000029df67abe40 GCTaskThread "GC Thread#3" [stack: 0x000000dd49400000,0x000000dd49500000] [id=2236]
  0x0000029dec2914c0 ConcurrentGCThread "G1 Main Marker" [stack: 0x000000dd48100000,0x000000dd48200000] [id=8412]
  0x0000029dec291de0 ConcurrentGCThread "G1 Conc#0" [stack: 0x000000dd48200000,0x000000dd48300000] [id=10316]
  0x0000029dec2e7be0 ConcurrentGCThread "G1 Refine#0" [stack: 0x000000dd48300000,0x000000dd48400000] [id=15212]
  0x0000029dfb1ee630 ConcurrentGCThread "G1 Refine#1" [stack: 0x000000dd49600000,0x000000dd49700000] [id=10600]
  0x0000029dec2e8520 ConcurrentGCThread "G1 Service" [stack: 0x000000dd48400000,0x000000dd48500000] [id=8852]

Threads with active compile tasks:
C2 CompilerThread0   121806 1901       4       org.gradle.internal.logging.console.BuildStatusRenderer::onOutput (350 bytes)

VM state: not at safepoint (normal execution)

VM Mutex/Monitor currently owned by a thread: None

Heap address: 0x00000000fc000000, size: 64 MB, Compressed Oops mode: 32-bit

CDS archive(s) mapped at: [0x0000029d8f000000-0x0000029d8fbd0000-0x0000029d8fbd0000), size 12386304, SharedBaseAddress: 0x0000029d8f000000, ArchiveRelocationMode: 1.
Compressed class space mapped at: 0x0000029d90000000-0x0000029dd0000000, reserved size: 1073741824
Narrow klass base: 0x0000029d8f000000, Narrow klass shift: 0, Narrow klass range: 0x100000000

GC Precious Log:
 CPUs: 4 total, 4 available
 Memory: 12069M
 Large Page Support: Disabled
 NUMA Support: Disabled
 Compressed Oops: Enabled (32-bit)
 Heap Region Size: 1M
 Heap Min Capacity: 64M
 Heap Initial Capacity: 64M
 Heap Max Capacity: 64M
 Pre-touch: Disabled
 Parallel Workers: 4
 Concurrent Workers: 1
 Concurrent Refinement Workers: 4
 Periodic GC: Disabled

Heap:
 garbage-first heap   total 65536K, used 38354K [0x00000000fc000000, 0x0000000100000000)
  region size 1024K, 31 young (31744K), 3 survivors (3072K)
 Metaspace       used 10095K, committed 10304K, reserved 1114112K
  class space    used 1312K, committed 1408K, reserved 1048576K

Heap Regions: E=young(eden), S=young(survivor), O=old, HS=humongous(starts), HC=humongous(continues), CS=collection set, F=free, OA=open archive, CA=closed archive, TAMS=top-at-mark-start (previous, next)
|   0|0x00000000fc000000, 0x00000000fc100000, 0x00000000fc100000|100%|HS|  |TAMS 0x00000000fc000000, 0x00000000fc000000| Complete 
|   1|0x00000000fc100000, 0x00000000fc200000, 0x00000000fc200000|100%|HC|  |TAMS 0x00000000fc100000, 0x00000000fc100000| Complete 
|   2|0x00000000fc200000, 0x00000000fc300000, 0x00000000fc300000|100%|HC|  |TAMS 0x00000000fc200000, 0x00000000fc200000| Complete 
|   3|0x00000000fc300000, 0x00000000fc400000, 0x00000000fc400000|100%|HC|  |TAMS 0x00000000fc300000, 0x00000000fc300000| Complete 
|   4|0x00000000fc400000, 0x00000000fc500000, 0x00000000fc500000|100%| O|  |TAMS 0x00000000fc400000, 0x00000000fc400000| Untracked 
|   5|0x00000000fc500000, 0x00000000fc600000, 0x00000000fc600000|100%| O|  |TAMS 0x00000000fc500000, 0x00000000fc500000| Untracked 
|   6|0x00000000fc600000, 0x00000000fc700000, 0x00000000fc700000|100%| O|  |TAMS 0x00000000fc600000, 0x00000000fc600000| Untracked 
|   7|0x00000000fc700000, 0x00000000fc774800, 0x00000000fc800000| 45%| O|  |TAMS 0x00000000fc700000, 0x00000000fc700000| Untracked 
|   8|0x00000000fc800000, 0x00000000fc800000, 0x00000000fc900000|  0%| F|  |TAMS 0x00000000fc800000, 0x00000000fc800000| Untracked 
|   9|0x00000000fc900000, 0x00000000fc900000, 0x00000000fca00000|  0%| F|  |TAMS 0x00000000fc900000, 0x00000000fc900000| Untracked 
|  10|0x00000000fca00000, 0x00000000fca00000, 0x00000000fcb00000|  0%| F|  |TAMS 0x00000000fca00000, 0x00000000fca00000| Untracked 
|  11|0x00000000fcb00000, 0x00000000fcb00000, 0x00000000fcc00000|  0%| F|  |TAMS 0x00000000fcb00000, 0x00000000fcb00000| Untracked 
|  12|0x00000000fcc00000, 0x00000000fcc00000, 0x00000000fcd00000|  0%| F|  |TAMS 0x00000000fcc00000, 0x00000000fcc00000| Untracked 
|  13|0x00000000fcd00000, 0x00000000fcd00000, 0x00000000fce00000|  0%| F|  |TAMS 0x00000000fcd00000, 0x00000000fcd00000| Untracked 
|  14|0x00000000fce00000, 0x00000000fce00000, 0x00000000fcf00000|  0%| F|  |TAMS 0x00000000fce00000, 0x00000000fce00000| Untracked 
|  15|0x00000000fcf00000, 0x00000000fcf00000, 0x00000000fd000000|  0%| F|  |TAMS 0x00000000fcf00000, 0x00000000fcf00000| Untracked 
|  16|0x00000000fd000000, 0x00000000fd000000, 0x00000000fd100000|  0%| F|  |TAMS 0x00000000fd000000, 0x00000000fd000000| Untracked 
|  17|0x00000000fd100000, 0x00000000fd100000, 0x00000000fd200000|  0%| F|  |TAMS 0x00000000fd100000, 0x00000000fd100000| Untracked 
|  18|0x00000000fd200000, 0x00000000fd200000, 0x00000000fd300000|  0%| F|  |TAMS 0x00000000fd200000, 0x00000000fd200000| Untracked 
|  19|0x00000000fd300000, 0x00000000fd300000, 0x00000000fd400000|  0%| F|  |TAMS 0x00000000fd300000, 0x00000000fd300000| Untracked 
|  20|0x00000000fd400000, 0x00000000fd400000, 0x00000000fd500000|  0%| F|  |TAMS 0x00000000fd400000, 0x00000000fd400000| Untracked 
|  21|0x00000000fd500000, 0x00000000fd500000, 0x00000000fd600000|  0%| F|  |TAMS 0x00000000fd500000, 0x00000000fd500000| Untracked 
|  22|0x00000000fd600000, 0x00000000fd600000, 0x00000000fd700000|  0%| F|  |TAMS 0x00000000fd600000, 0x00000000fd600000| Untracked 
|  23|0x00000000fd700000, 0x00000000fd700000, 0x00000000fd800000|  0%| F|  |TAMS 0x00000000fd700000, 0x00000000fd700000| Untracked 
|  24|0x00000000fd800000, 0x00000000fd800000, 0x00000000fd900000|  0%| F|  |TAMS 0x00000000fd800000, 0x00000000fd800000| Untracked 
|  25|0x00000000fd900000, 0x00000000fd900000, 0x00000000fda00000|  0%| F|  |TAMS 0x00000000fd900000, 0x00000000fd900000| Untracked 
|  26|0x00000000fda00000, 0x00000000fda00000, 0x00000000fdb00000|  0%| F|  |TAMS 0x00000000fda00000, 0x00000000fda00000| Untracked 
|  27|0x00000000fdb00000, 0x00000000fdb00000, 0x00000000fdc00000|  0%| F|  |TAMS 0x00000000fdb00000, 0x00000000fdb00000| Untracked 
|  28|0x00000000fdc00000, 0x00000000fdc00000, 0x00000000fdd00000|  0%| F|  |TAMS 0x00000000fdc00000, 0x00000000fdc00000| Untracked 
|  29|0x00000000fdd00000, 0x00000000fdd00000, 0x00000000fde00000|  0%| F|  |TAMS 0x00000000fdd00000, 0x00000000fdd00000| Untracked 
|  30|0x00000000fde00000, 0x00000000fde00000, 0x00000000fdf00000|  0%| F|  |TAMS 0x00000000fde00000, 0x00000000fde00000| Untracked 
|  31|0x00000000fdf00000, 0x00000000fdf00000, 0x00000000fe000000|  0%| F|  |TAMS 0x00000000fdf00000, 0x00000000fdf00000| Untracked 
|  32|0x00000000fe000000, 0x00000000fe000000, 0x00000000fe100000|  0%| F|  |TAMS 0x00000000fe000000, 0x00000000fe000000| Untracked 
|  33|0x00000000fe100000, 0x00000000fe15a1e0, 0x00000000fe200000| 35%| E|  |TAMS 0x00000000fe100000, 0x00000000fe100000| Complete 
|  34|0x00000000fe200000, 0x00000000fe300000, 0x00000000fe300000|100%| E|CS|TAMS 0x00000000fe200000, 0x00000000fe200000| Complete 
|  35|0x00000000fe300000, 0x00000000fe400000, 0x00000000fe400000|100%| E|CS|TAMS 0x00000000fe300000, 0x00000000fe300000| Complete 
|  36|0x00000000fe400000, 0x00000000fe500000, 0x00000000fe500000|100%| E|CS|TAMS 0x00000000fe400000, 0x00000000fe400000| Complete 
|  37|0x00000000fe500000, 0x00000000fe600000, 0x00000000fe600000|100%| E|CS|TAMS 0x00000000fe500000, 0x00000000fe500000| Complete 
|  38|0x00000000fe600000, 0x00000000fe700000, 0x00000000fe700000|100%| E|CS|TAMS 0x00000000fe600000, 0x00000000fe600000| Complete 
|  39|0x00000000fe700000, 0x00000000fe800000, 0x00000000fe800000|100%| E|CS|TAMS 0x00000000fe700000, 0x00000000fe700000| Complete 
|  40|0x00000000fe800000, 0x00000000fe900000, 0x00000000fe900000|100%| E|CS|TAMS 0x00000000fe800000, 0x00000000fe800000| Complete 
|  41|0x00000000fe900000, 0x00000000fea00000, 0x00000000fea00000|100%| S|CS|TAMS 0x00000000fe900000, 0x00000000fe900000| Complete 
|  42|0x00000000fea00000, 0x00000000feb00000, 0x00000000feb00000|100%| S|CS|TAMS 0x00000000fea00000, 0x00000000fea00000| Complete 
|  43|0x00000000feb00000, 0x00000000fec00000, 0x00000000fec00000|100%| S|CS|TAMS 0x00000000feb00000, 0x00000000feb00000| Complete 
|  44|0x00000000fec00000, 0x00000000fed00000, 0x00000000fed00000|100%| E|CS|TAMS 0x00000000fec00000, 0x00000000fec00000| Complete 
|  45|0x00000000fed00000, 0x00000000fee00000, 0x00000000fee00000|100%| E|CS|TAMS 0x00000000fed00000, 0x00000000fed00000| Complete 
|  46|0x00000000fee00000, 0x00000000fef00000, 0x00000000fef00000|100%| E|CS|TAMS 0x00000000fee00000, 0x00000000fee00000| Complete 
|  47|0x00000000fef00000, 0x00000000ff000000, 0x00000000ff000000|100%| E|CS|TAMS 0x00000000fef00000, 0x00000000fef00000| Complete 
|  48|0x00000000ff000000, 0x00000000ff100000, 0x00000000ff100000|100%| E|CS|TAMS 0x00000000ff000000, 0x00000000ff000000| Complete 
|  49|0x00000000ff100000, 0x00000000ff200000, 0x00000000ff200000|100%| E|CS|TAMS 0x00000000ff100000, 0x00000000ff100000| Complete 
|  50|0x00000000ff200000, 0x00000000ff300000, 0x00000000ff300000|100%| E|CS|TAMS 0x00000000ff200000, 0x00000000ff200000| Complete 
|  51|0x00000000ff300000, 0x00000000ff400000, 0x00000000ff400000|100%| E|CS|TAMS 0x00000000ff300000, 0x00000000ff300000| Complete 
|  52|0x00000000ff400000, 0x00000000ff500000, 0x00000000ff500000|100%| E|CS|TAMS 0x00000000ff400000, 0x00000000ff400000| Complete 
|  53|0x00000000ff500000, 0x00000000ff600000, 0x00000000ff600000|100%| E|CS|TAMS 0x00000000ff500000, 0x00000000ff500000| Complete 
|  54|0x00000000ff600000, 0x00000000ff700000, 0x00000000ff700000|100%| E|CS|TAMS 0x00000000ff600000, 0x00000000ff600000| Complete 
|  55|0x00000000ff700000, 0x00000000ff800000, 0x00000000ff800000|100%| E|CS|TAMS 0x00000000ff700000, 0x00000000ff700000| Complete 
|  56|0x00000000ff800000, 0x00000000ff900000, 0x00000000ff900000|100%| E|CS|TAMS 0x00000000ff800000, 0x00000000ff800000| Complete 
|  57|0x00000000ff900000, 0x00000000ffa00000, 0x00000000ffa00000|100%| E|CS|TAMS 0x00000000ff900000, 0x00000000ff900000| Complete 
|  58|0x00000000ffa00000, 0x00000000ffb00000, 0x00000000ffb00000|100%| E|CS|TAMS 0x00000000ffa00000, 0x00000000ffa00000| Complete 
|  59|0x00000000ffb00000, 0x00000000ffc00000, 0x00000000ffc00000|100%| E|CS|TAMS 0x00000000ffb00000, 0x00000000ffb00000| Complete 
|  60|0x00000000ffc00000, 0x00000000ffd00000, 0x00000000ffd00000|100%| E|CS|TAMS 0x00000000ffc00000, 0x00000000ffc00000| Complete 
|  61|0x00000000ffd00000, 0x00000000ffe00000, 0x00000000ffe00000|100%| E|CS|TAMS 0x00000000ffd00000, 0x00000000ffd00000| Complete 
|  62|0x00000000ffe00000, 0x00000000fff00000, 0x00000000fff00000|100%| E|CS|TAMS 0x00000000ffe00000, 0x00000000ffe00000| Complete 
|  63|0x00000000fff00000, 0x0000000100000000, 0x0000000100000000|100%| E|CS|TAMS 0x00000000fff00000, 0x00000000fff00000| Complete 

Card table byte_map: [0x0000029dec090000,0x0000029dec0b0000] _byte_map_base: 0x0000029deb8b0000

Marking Bits (Prev, Next): (CMBitMap*) 0x0000029dec290390, (CMBitMap*) 0x0000029dec2903d0
 Prev Bits: [0x0000029dec0d0000, 0x0000029dec1d0000)
 Next Bits: [0x0000029df3d60000, 0x0000029df3e60000)

Polling page: 0x0000029deba20000

Metaspace:

Usage:
  Non-class:      8.58 MB used.
      Class:      1.28 MB used.
       Both:      9.86 MB used.

Virtual space:
  Non-class space:       64.00 MB reserved,       8.69 MB ( 14%) committed,  1 nodes.
      Class space:        1.00 GB reserved,       1.38 MB ( <1%) committed,  1 nodes.
             Both:        1.06 GB reserved,      10.06 MB ( <1%) committed. 

Chunk freelists:
   Non-Class:  7.23 MB
       Class:  14.51 MB
        Both:  21.75 MB

MaxMetaspaceSize: unlimited
CompressedClassSpaceSize: 1.00 GB
Initial GC threshold: 21.00 MB
Current GC threshold: 21.00 MB
CDS: on
MetaspaceReclaimPolicy: balanced
 - commit_granule_bytes: 65536.
 - commit_granule_words: 8192.
 - virtual_space_node_default_size: 8388608.
 - enlarge_chunks_in_place: 1.
 - new_chunks_are_fully_committed: 0.
 - uncommit_free_chunks: 1.
 - use_allocation_guard: 0.
 - handle_deallocations: 1.


Internal statistics:

num_allocs_failed_limit: 0.
num_arena_births: 74.
num_arena_deaths: 0.
num_vsnodes_births: 2.
num_vsnodes_deaths: 0.
num_space_committed: 161.
num_space_uncommitted: 0.
num_chunks_returned_to_freelist: 0.
num_chunks_taken_from_freelist: 353.
num_chunk_merges: 0.
num_chunk_splits: 235.
num_chunks_enlarged: 194.
num_inconsistent_stats: 0.

CodeHeap 'non-profiled nmethods': size=120000Kb used=764Kb max_used=764Kb free=119235Kb
 bounds [0x0000029d87ad0000, 0x0000029d87d40000, 0x0000029d8f000000]
CodeHeap 'profiled nmethods': size=120000Kb used=3576Kb max_used=3576Kb free=116423Kb
 bounds [0x0000029d80000000, 0x0000029d80380000, 0x0000029d87530000]
CodeHeap 'non-nmethods': size=5760Kb used=1184Kb max_used=1200Kb free=4575Kb
 bounds [0x0000029d87530000, 0x0000029d877a0000, 0x0000029d87ad0000]
 total_blobs=2369 nmethods=1900 adapters=382
 compilation: enabled
              stopped_count=0, restarted_count=0
 full_count=0

Compilation events (20 events):
Event: 105.091 Thread 0x0000029df63cee70 nmethod 1891 0x0000029d87b8a490 code [0x0000029d87b8a6e0, 0x0000029d87b8b040]
Event: 105.576 Thread 0x0000029df63cee70 1892       4       java.util.concurrent.atomic.AtomicLong::compareAndSet (13 bytes)
Event: 105.577 Thread 0x0000029df63cee70 nmethod 1892 0x0000029d87b8ba10 code [0x0000029d87b8bb80, 0x0000029d87b8bc18]
Event: 107.180 Thread 0x0000029df63cee70 1893       4       java.util.LinkedHashMap$LinkedValueIterator::next (8 bytes)
Event: 107.183 Thread 0x0000029df63cee70 nmethod 1893 0x0000029d87b8bd10 code [0x0000029d87b8be80, 0x0000029d87b8c0f8]
Event: 109.772 Thread 0x0000029df63cee70 1894       4       java.io.OutputStream::flush (1 bytes)
Event: 109.772 Thread 0x0000029df63cee70 nmethod 1894 0x0000029d87b8c210 code [0x0000029d87b8c380, 0x0000029d87b8c3f8]
Event: 118.076 Thread 0x0000029df63cee70 1895       4       java.lang.InheritableThreadLocal::getMap (5 bytes)
Event: 118.076 Thread 0x0000029df63cee70 nmethod 1895 0x0000029d87b8c510 code [0x0000029d87b8c680, 0x0000029d87b8c718]
Event: 120.187 Thread 0x0000029df63cee70 1896       4       java.util.HashMap$HashIterator::nextNode (100 bytes)
Event: 120.192 Thread 0x0000029df63cee70 nmethod 1896 0x0000029d87b8c810 code [0x0000029d87b8c9a0, 0x0000029d87b8cd98]
Event: 121.146 Thread 0x0000029df63cee70 1897       4       java.util.ArrayList::fastRemove (44 bytes)
Event: 121.149 Thread 0x0000029df63cee70 nmethod 1897 0x0000029d87b8cf10 code [0x0000029d87b8d080, 0x0000029d87b8d238]
Event: 121.214 Thread 0x0000029df63cee70 1898       4       java.util.ArrayList::remove (26 bytes)
Event: 121.217 Thread 0x0000029df63cee70 nmethod 1898 0x0000029d87b8d390 code [0x0000029d87b8d520, 0x0000029d87b8d758]
Event: 121.686 Thread 0x0000029df63cee70 1899   !   4       org.gradle.internal.logging.console.ThrottlingOutputEventListener::onOutput (85 bytes)
Event: 121.701 Thread 0x0000029df63cee70 nmethod 1899 0x0000029d87b8d910 code [0x0000029d87b8db20, 0x0000029d87b8e618]
Event: 121.701 Thread 0x0000029df63cee70 1900       4       org.gradle.internal.logging.console.AbstractUserInputRenderer::onOutput (111 bytes)
Event: 121.703 Thread 0x0000029df63cee70 nmethod 1900 0x0000029d87b8ed10 code [0x0000029d87b8eec0, 0x0000029d87b8f088]
Event: 121.703 Thread 0x0000029df63cee70 1901       4       org.gradle.internal.logging.console.BuildStatusRenderer::onOutput (350 bytes)

GC Heap History (4 events):
Event: 0.288 GC heap before
{Heap before GC invocations=0 (full 0):
 garbage-first heap   total 65536K, used 12288K [0x00000000fc000000, 0x0000000100000000)
  region size 1024K, 13 young (13312K), 0 survivors (0K)
 Metaspace       used 1638K, committed 1792K, reserved 1114112K
  class space    used 154K, committed 192K, reserved 1048576K
}
Event: 0.290 GC heap after
{Heap after GC invocations=1 (full 0):
 garbage-first heap   total 65536K, used 1488K [0x00000000fc000000, 0x0000000100000000)
  region size 1024K, 2 young (2048K), 2 survivors (2048K)
 Metaspace       used 1638K, committed 1792K, reserved 1114112K
  class space    used 154K, committed 192K, reserved 1048576K
}
Event: 0.704 GC heap before
{Heap before GC invocations=1 (full 0):
 garbage-first heap   total 65536K, used 22992K [0x00000000fc000000, 0x0000000100000000)
  region size 1024K, 20 young (20480K), 2 survivors (2048K)
 Metaspace       used 3256K, committed 3456K, reserved 1114112K
  class space    used 376K, committed 448K, reserved 1048576K
}
Event: 0.709 GC heap after
{Heap after GC invocations=2 (full 0):
 garbage-first heap   total 65536K, used 10706K [0x00000000fc000000, 0x0000000100000000)
  region size 1024K, 3 young (3072K), 3 survivors (3072K)
 Metaspace       used 3256K, committed 3456K, reserved 1114112K
  class space    used 376K, committed 448K, reserved 1048576K
}

Dll operation events (12 events):
Event: 0.007 Loaded shared library C:\Program Files\Microsoft\jdk-17.0.8.7-hotspot\bin\java.dll
Event: 0.024 Loaded shared library C:\Program Files\Microsoft\jdk-17.0.8.7-hotspot\bin\jsvml.dll
Event: 0.055 Loaded shared library C:\Program Files\Microsoft\jdk-17.0.8.7-hotspot\bin\net.dll
Event: 0.057 Loaded shared library C:\Program Files\Microsoft\jdk-17.0.8.7-hotspot\bin\nio.dll
Event: 0.060 Loaded shared library C:\Program Files\Microsoft\jdk-17.0.8.7-hotspot\bin\zip.dll
Event: 0.065 Loaded shared library C:\Program Files\Microsoft\jdk-17.0.8.7-hotspot\bin\verify.dll
Event: 0.339 Loaded shared library C:\Program Files\Microsoft\jdk-17.0.8.7-hotspot\bin\jimage.dll
Event: 0.822 Loaded shared library C:\Users\ok\.gradle\native\c067742578af261105cb4f569cf0c3c89f3d7b1fecec35dd04571415982c5e48\windows-amd64\native-platform.dll
Event: 0.840 Loaded shared library C:\Users\ok\.gradle\native\jansi\1.18\windows64\jansi.dll
Event: 0.985 Loaded shared library C:\Program Files\Microsoft\jdk-17.0.8.7-hotspot\bin\management.dll
Event: 0.987 Loaded shared library C:\Program Files\Microsoft\jdk-17.0.8.7-hotspot\bin\management_ext.dll
Event: 1.282 Loaded shared library C:\Program Files\Microsoft\jdk-17.0.8.7-hotspot\bin\sunmscapi.dll

Deoptimization events (20 events):
Event: 1.259 Thread 0x0000029dec26f650 DEOPT PACKING pc=0x0000029d87b0f04c sp=0x000000dd47ffd120
Event: 1.259 Thread 0x0000029dec26f650 DEOPT UNPACKING pc=0x0000029d8758a1a3 sp=0x000000dd47ffd0a0 mode 2
Event: 1.259 Thread 0x0000029dec26f650 Uncommon trap: trap_request=0xffffff45 fr.pc=0x0000029d87b34f60 relative=0x00000000000006a0
Event: 1.259 Thread 0x0000029dec26f650 Uncommon trap: reason=unstable_if action=reinterpret pc=0x0000029d87b34f60 method=java.lang.AbstractStringBuilder.append(Ljava/lang/String;)Ljava/lang/AbstractStringBuilder; @ 1 c2
Event: 1.259 Thread 0x0000029dec26f650 DEOPT PACKING pc=0x0000029d87b34f60 sp=0x000000dd47ffd0b0
Event: 1.259 Thread 0x0000029dec26f650 DEOPT UNPACKING pc=0x0000029d8758a1a3 sp=0x000000dd47ffd098 mode 2
Event: 1.285 Thread 0x0000029dfb874030 Uncommon trap: trap_request=0xffffff45 fr.pc=0x0000029d87b47cd8 relative=0x0000000000000f18
Event: 1.285 Thread 0x0000029dfb874030 Uncommon trap: reason=unstable_if action=reinterpret pc=0x0000029d87b47cd8 method=java.util.concurrent.ConcurrentHashMap.putVal(Ljava/lang/Object;Ljava/lang/Object;Z)Ljava/lang/Object; @ 112 c2
Event: 1.285 Thread 0x0000029dfb874030 DEOPT PACKING pc=0x0000029d87b47cd8 sp=0x000000dd497fe120
Event: 1.285 Thread 0x0000029dfb874030 DEOPT UNPACKING pc=0x0000029d8758a1a3 sp=0x000000dd497fe0a0 mode 2
Event: 1.341 Thread 0x0000029dec26f650 Uncommon trap: trap_request=0xffffff45 fr.pc=0x0000029d87b371a8 relative=0x00000000000003e8
Event: 1.341 Thread 0x0000029dec26f650 Uncommon trap: reason=unstable_if action=reinterpret pc=0x0000029d87b371a8 method=java.util.regex.Matcher.match(II)Z @ 76 c2
Event: 1.341 Thread 0x0000029dec26f650 DEOPT PACKING pc=0x0000029d87b371a8 sp=0x000000dd47ffc3a0
Event: 1.341 Thread 0x0000029dec26f650 DEOPT UNPACKING pc=0x0000029d8758a1a3 sp=0x000000dd47ffc358 mode 2
Event: 23.092 Thread 0x0000029dec26f650 DEOPT PACKING pc=0x0000029d80287f4d sp=0x000000dd47ffce20
Event: 23.092 Thread 0x0000029dec26f650 DEOPT UNPACKING pc=0x0000029d8758ace3 sp=0x000000dd47ffc2b8 mode 0
Event: 49.039 Thread 0x0000029dec26f650 Uncommon trap: trap_request=0xffffff45 fr.pc=0x0000029d87b79b14 relative=0x00000000000001f4
Event: 49.039 Thread 0x0000029dec26f650 Uncommon trap: reason=unstable_if action=reinterpret pc=0x0000029d87b79b14 method=com.esotericsoftware.kryo.io.Input.require(I)I @ 65 c2
Event: 49.040 Thread 0x0000029dec26f650 DEOPT PACKING pc=0x0000029d87b79b14 sp=0x000000dd47ffcf60
Event: 49.040 Thread 0x0000029dec26f650 DEOPT UNPACKING pc=0x0000029d8758a1a3 sp=0x000000dd47ffcf10 mode 2

Classes unloaded (0 events):
No events

Classes redefined (0 events):
No events

Internal exceptions (20 events):
Event: 0.766 Thread 0x0000029dec26f650 Exception <a 'java/lang/NoClassDefFoundError'{0x00000000ffd422a0}: org/slf4j/impl/StaticMarkerBinder> (0x00000000ffd422a0) 
thrown [s\src\hotspot\share\classfile\systemDictionary.cpp, line 245]
Event: 0.795 Thread 0x0000029dec26f650 Exception <a 'java/lang/NoSuchMethodError'{0x00000000ffc225c0}: 'java.lang.Object java.lang.invoke.Invokers$Holder.invoker(java.lang.Object, java.lang.Object, java.lang.Object)'> (0x00000000ffc225c0) 
thrown [s\src\hotspot\share\interpreter\linkResolver.cpp, line 759]
Event: 0.796 Thread 0x0000029dec26f650 Exception <a 'java/lang/NoSuchMethodError'{0x00000000ffc2b798}: 'java.lang.Object java.lang.invoke.DirectMethodHandle$Holder.invokeStatic(java.lang.Object, java.lang.Object, int)'> (0x00000000ffc2b798) 
thrown [s\src\hotspot\share\interpreter\linkResolver.cpp, line 759]
Event: 0.799 Thread 0x0000029dec26f650 Exception <a 'java/lang/NoSuchMethodError'{0x00000000ffc37488}: 'void java.lang.invoke.DelegatingMethodHandle$Holder.delegate(java.lang.Object, java.lang.Object, int, java.lang.Object)'> (0x00000000ffc37488) 
thrown [s\src\hotspot\share\interpreter\linkResolver.cpp, line 759]
Event: 0.800 Thread 0x0000029dec26f650 Exception <a 'java/lang/NoSuchMethodError'{0x00000000ffc3b540}: 'int java.lang.invoke.DirectMethodHandle$Holder.invokeSpecial(java.lang.Object, java.lang.Object, java.lang.Object)'> (0x00000000ffc3b540) 
thrown [s\src\hotspot\share\interpreter\linkResolver.cpp, line 759]
Event: 0.804 Thread 0x0000029dec26f650 Exception <a 'java/lang/NoSuchMethodError'{0x00000000ffc4e650}: 'java.lang.Object java.lang.invoke.Invokers$Holder.invokeExact_MT(java.lang.Object, java.lang.Object, java.lang.Object, java.lang.Object)'> (0x00000000ffc4e650) 
thrown [s\src\hotspot\share\interpreter\linkResolver.cpp, line 759]
Event: 0.811 Thread 0x0000029dec26f650 Exception <a 'java/lang/NoSuchMethodError'{0x00000000ffc81810}: 'java.lang.Object java.lang.invoke.DirectMethodHandle$Holder.invokeVirtual(java.lang.Object, java.lang.Object, java.lang.Object)'> (0x00000000ffc81810) 
thrown [s\src\hotspot\share\interpreter\linkResolver.cpp, line 759]
Event: 0.905 Thread 0x0000029dec26f650 Exception <a 'java/lang/NoSuchMethodError'{0x00000000ff8dfb48}: 'java.lang.Object java.lang.invoke.DirectMethodHandle$Holder.newInvokeSpecial(java.lang.Object, java.lang.Object, java.lang.Object, java.lang.Object, java.lang.Object)'> (0x00000000ff8dfb48) 
thrown [s\src\hotspot\share\interpreter\linkResolver.cpp, line 759]
Event: 0.953 Thread 0x0000029dec26f650 Exception <a 'java/lang/NoSuchMethodError'{0x00000000ff5af908}: 'void java.lang.invoke.DirectMethodHandle$Holder.invokeSpecial(java.lang.Object, java.lang.Object, java.lang.Object)'> (0x00000000ff5af908) 
thrown [s\src\hotspot\share\interpreter\linkResolver.cpp, line 759]
Event: 0.961 Thread 0x0000029dec26f650 Implicit null exception at 0x0000029d87b33d8f to 0x0000029d87b342d4
Event: 0.961 Thread 0x0000029dec26f650 Implicit null exception at 0x0000029d87b16f0c to 0x0000029d87b1745c
Event: 0.961 Thread 0x0000029dec26f650 Implicit null exception at 0x0000029d87b07f8f to 0x0000029d87b08009
Event: 0.984 Thread 0x0000029dec26f650 Exception <a 'java/lang/NoSuchMethodError'{0x00000000ff335f00}: 'java.lang.Object java.lang.invoke.DirectMethodHandle$Holder.invokeStaticInit(java.lang.Object)'> (0x00000000ff335f00) 
thrown [s\src\hotspot\share\interpreter\linkResolver.cpp, line 759]
Event: 1.004 Thread 0x0000029dec26f650 Exception <a 'java/lang/NoSuchMethodError'{0x00000000ff22b558}: 'int java.lang.invoke.DirectMethodHandle$Holder.invokeVirtual(java.lang.Object, java.lang.Object, java.lang.Object)'> (0x00000000ff22b558) 
thrown [s\src\hotspot\share\interpreter\linkResolver.cpp, line 759]
Event: 1.047 Thread 0x0000029dec26f650 Exception <a 'java/lang/NoSuchMethodError'{0x00000000ff07ec00}: 'java.lang.Object java.lang.invoke.DirectMethodHandle$Holder.invokeSpecialIFC(java.lang.Object, java.lang.Object, java.lang.Object, java.lang.Object)'> (0x00000000ff07ec00) 
thrown [s\src\hotspot\share\interpreter\linkResolver.cpp, line 759]
Event: 1.092 Thread 0x0000029dec26f650 Exception <a 'java/lang/NoSuchMethodError'{0x00000000fed47df8}: 'java.lang.Object java.lang.invoke.DirectMethodHandle$Holder.invokeStaticInit(java.lang.Object, int, int, int, int)'> (0x00000000fed47df8) 
thrown [s\src\hotspot\share\interpreter\linkResolver.cpp, line 759]
Event: 1.139 Thread 0x0000029dec26f650 Exception <a 'java/lang/NoSuchMethodError'{0x00000000fede95c8}: 'java.lang.Object java.lang.invoke.DirectMethodHandle$Holder.invokeStaticInit(java.lang.Object, java.lang.Object, int, int, int, int)'> (0x00000000fede95c8) 
thrown [s\src\hotspot\share\interpreter\linkResolver.cpp, line 759]
Event: 1.238 Thread 0x0000029dec26f650 Exception <a 'java/lang/NoSuchMethodError'{0x00000000fec1cf98}: 'void java.lang.invoke.DirectMethodHandle$Holder.invokeStatic(java.lang.Object, java.lang.Object, java.lang.Object)'> (0x00000000fec1cf98) 
thrown [s\src\hotspot\share\interpreter\linkResolver.cpp, line 759]
Event: 1.259 Thread 0x0000029dec26f650 Implicit null exception at 0x0000029d87b0e9f2 to 0x0000029d87b0f034
Event: 1.259 Thread 0x0000029dec26f650 Implicit null exception at 0x0000029d87b348f2 to 0x0000029d87b34f48

VM Operations (20 events):
Event: 52.608 Executing VM operation: Cleanup
Event: 52.608 Executing VM operation: Cleanup done
Event: 57.633 Executing VM operation: Cleanup
Event: 57.633 Executing VM operation: Cleanup done
Event: 60.196 Executing VM operation: HandshakeAllThreads
Event: 60.196 Executing VM operation: HandshakeAllThreads done
Event: 76.292 Executing VM operation: Cleanup
Event: 76.292 Executing VM operation: Cleanup done
Event: 82.315 Executing VM operation: Cleanup
Event: 82.315 Executing VM operation: Cleanup done
Event: 83.317 Executing VM operation: Cleanup
Event: 83.317 Executing VM operation: Cleanup done
Event: 105.434 Executing VM operation: Cleanup
Event: 105.434 Executing VM operation: Cleanup done
Event: 107.449 Executing VM operation: Cleanup
Event: 107.449 Executing VM operation: Cleanup done
Event: 110.462 Executing VM operation: Cleanup
Event: 110.462 Executing VM operation: Cleanup done
Event: 120.245 Executing VM operation: HandshakeAllThreads
Event: 120.245 Executing VM operation: HandshakeAllThreads done

Events (20 events):
Event: 1.384 loading class jdk/internal/logger/LazyLoggers$LazyLoggerFactories done
Event: 1.384 loading class jdk/internal/logger/LoggerFinderLoader
Event: 1.384 loading class jdk/internal/logger/LoggerFinderLoader done
Event: 1.385 loading class sun/util/logging/internal/LoggingProviderImpl$JULWrapper
Event: 1.385 loading class sun/util/logging/PlatformLogger$ConfigurableBridge$LoggerConfiguration
Event: 1.385 loading class sun/util/logging/PlatformLogger$ConfigurableBridge$LoggerConfiguration done
Event: 1.385 loading class sun/util/logging/internal/LoggingProviderImpl$JULWrapper done
Event: 1.385 loading class java/io/ObjectInputFilter
Event: 1.385 loading class java/io/ObjectInputFilter done
Event: 1.385 loading class java/io/ObjectInputFilter$Config$BuiltinFilterFactory
Event: 1.385 loading class java/io/ObjectInputFilter$Config$BuiltinFilterFactory done
Event: 1.385 loading class jdk/internal/access/JavaObjectInputFilterAccess
Event: 1.385 loading class jdk/internal/access/JavaObjectInputFilterAccess done
Event: 1.386 loading class java/lang/System$Logger$Level
Event: 1.386 loading class java/lang/System$Logger$Level done
Event: 1.386 loading class java/io/Bits
Event: 1.386 loading class java/io/Bits done
Event: 1.476 Thread 0x0000029df63d8d40 Thread exited: 0x0000029df63d8d40
Event: 7.285 loading class java/util/ArrayList$ListItr
Event: 7.285 loading class java/util/ArrayList$ListItr done


Dynamic libraries:
0x00007ff692830000 - 0x00007ff69283e000 	C:\Program Files\Microsoft\jdk-17.0.8.7-hotspot\bin\java.exe
0x00007ffd2dbd0000 - 0x00007ffd2dde7000 	C:\WINDOWS\SYSTEM32\ntdll.dll
0x00007ffd2c6f0000 - 0x00007ffd2c7b4000 	C:\WINDOWS\System32\KERNEL32.DLL
0x00007ffd2af40000 - 0x00007ffd2b2fa000 	C:\WINDOWS\System32\KERNELBASE.dll
0x00007ffd2b300000 - 0x00007ffd2b411000 	C:\WINDOWS\System32\ucrtbase.dll
0x00007ffcfda30000 - 0x00007ffcfda47000 	C:\Program Files\Microsoft\jdk-17.0.8.7-hotspot\bin\jli.dll
0x00007ffd2d6c0000 - 0x00007ffd2d86e000 	C:\WINDOWS\System32\USER32.dll
0x00007ffd2ae90000 - 0x00007ffd2aeb6000 	C:\WINDOWS\System32\win32u.dll
0x00007ffd2d910000 - 0x00007ffd2d939000 	C:\WINDOWS\System32\GDI32.dll
0x00007ffd2b540000 - 0x00007ffd2b65b000 	C:\WINDOWS\System32\gdi32full.dll
0x00007ffd2b4a0000 - 0x00007ffd2b53a000 	C:\WINDOWS\System32\msvcp_win.dll
0x00007ffd007f0000 - 0x00007ffd0080b000 	C:\Program Files\Microsoft\jdk-17.0.8.7-hotspot\bin\VCRUNTIME140.dll
0x00007ffd0a530000 - 0x00007ffd0a7c2000 	C:\WINDOWS\WinSxS\amd64_microsoft.windows.common-controls_6595b64144ccf1df_6.0.22621.4541_none_2710d1c57384c085\COMCTL32.dll
0x00007ffd2c5e0000 - 0x00007ffd2c687000 	C:\WINDOWS\System32\msvcrt.dll
0x00007ffd2cfd0000 - 0x00007ffd2d001000 	C:\WINDOWS\System32\IMM32.DLL
0x00007ffd23400000 - 0x00007ffd2340c000 	C:\Program Files\Microsoft\jdk-17.0.8.7-hotspot\bin\vcruntime140_1.dll
0x00007ffcfd8d0000 - 0x00007ffcfd95d000 	C:\Program Files\Microsoft\jdk-17.0.8.7-hotspot\bin\msvcp140.dll
0x00007ffca8a50000 - 0x00007ffca96b5000 	C:\Program Files\Microsoft\jdk-17.0.8.7-hotspot\bin\server\jvm.dll
0x00007ffd2cb70000 - 0x00007ffd2cc22000 	C:\WINDOWS\System32\ADVAPI32.dll
0x00007ffd2dae0000 - 0x00007ffd2db87000 	C:\WINDOWS\System32\sechost.dll
0x00007ffd2b660000 - 0x00007ffd2b688000 	C:\WINDOWS\System32\bcrypt.dll
0x00007ffd2d9c0000 - 0x00007ffd2dad4000 	C:\WINDOWS\System32\RPCRT4.dll
0x00007ffd2ad60000 - 0x00007ffd2adad000 	C:\WINDOWS\SYSTEM32\POWRPROF.dll
0x00007ffcfda20000 - 0x00007ffcfda29000 	C:\WINDOWS\SYSTEM32\WSOCK32.dll
0x00007ffd236a0000 - 0x00007ffd236d4000 	C:\WINDOWS\SYSTEM32\WINMM.dll
0x00007ffd2ca40000 - 0x00007ffd2cab1000 	C:\WINDOWS\System32\WS2_32.dll
0x00007ffd21410000 - 0x00007ffd2141a000 	C:\WINDOWS\SYSTEM32\VERSION.dll
0x00007ffd2ad40000 - 0x00007ffd2ad53000 	C:\WINDOWS\SYSTEM32\UMPDC.dll
0x00007ffd29e30000 - 0x00007ffd29e48000 	C:\WINDOWS\SYSTEM32\kernel.appcore.dll
0x00007ffcfda10000 - 0x00007ffcfda1a000 	C:\Program Files\Microsoft\jdk-17.0.8.7-hotspot\bin\jimage.dll
0x00007ffd28740000 - 0x00007ffd28972000 	C:\WINDOWS\SYSTEM32\DBGHELP.DLL
0x00007ffd2cc30000 - 0x00007ffd2cfc1000 	C:\WINDOWS\System32\combase.dll
0x00007ffd2c500000 - 0x00007ffd2c5d7000 	C:\WINDOWS\System32\OLEAUT32.dll
0x00007ffd089a0000 - 0x00007ffd089d2000 	C:\WINDOWS\SYSTEM32\dbgcore.DLL
0x00007ffd2b420000 - 0x00007ffd2b49b000 	C:\WINDOWS\System32\bcryptPrimitives.dll
0x00007ffcfd8a0000 - 0x00007ffcfd8c5000 	C:\Program Files\Microsoft\jdk-17.0.8.7-hotspot\bin\java.dll
0x00007ffcfd150000 - 0x00007ffcfd227000 	C:\Program Files\Microsoft\jdk-17.0.8.7-hotspot\bin\jsvml.dll
0x00007ffd2ba30000 - 0x00007ffd2c2a9000 	C:\WINDOWS\System32\SHELL32.dll
0x00007ffd28d80000 - 0x00007ffd29689000 	C:\WINDOWS\SYSTEM32\windows.storage.dll
0x00007ffd28c40000 - 0x00007ffd28d7f000 	C:\WINDOWS\SYSTEM32\wintypes.dll
0x00007ffd2c940000 - 0x00007ffd2ca3a000 	C:\WINDOWS\System32\SHCORE.dll
0x00007ffd2c7c0000 - 0x00007ffd2c81e000 	C:\WINDOWS\System32\shlwapi.dll
0x00007ffd2adc0000 - 0x00007ffd2adeb000 	C:\WINDOWS\SYSTEM32\profapi.dll
0x00007ffcfd880000 - 0x00007ffcfd899000 	C:\Program Files\Microsoft\jdk-17.0.8.7-hotspot\bin\net.dll
0x00007ffd23420000 - 0x00007ffd23556000 	C:\WINDOWS\SYSTEM32\WINHTTP.dll
0x00007ffd2a300000 - 0x00007ffd2a369000 	C:\WINDOWS\system32\mswsock.dll
0x00007ffcfd860000 - 0x00007ffcfd876000 	C:\Program Files\Microsoft\jdk-17.0.8.7-hotspot\bin\nio.dll
0x00007ffcfd840000 - 0x00007ffcfd858000 	C:\Program Files\Microsoft\jdk-17.0.8.7-hotspot\bin\zip.dll
0x00007ffcfda00000 - 0x00007ffcfda10000 	C:\Program Files\Microsoft\jdk-17.0.8.7-hotspot\bin\verify.dll
0x00007ffcfd810000 - 0x00007ffcfd837000 	C:\Users\ok\.gradle\native\c067742578af261105cb4f569cf0c3c89f3d7b1fecec35dd04571415982c5e48\windows-amd64\native-platform.dll
0x00007ffd232f0000 - 0x00007ffd232fa000 	C:\Users\ok\.gradle\native\jansi\1.18\windows64\jansi.dll
0x00007ffcfd140000 - 0x00007ffcfd149000 	C:\Program Files\Microsoft\jdk-17.0.8.7-hotspot\bin\management.dll
0x00007ffcfd130000 - 0x00007ffcfd13b000 	C:\Program Files\Microsoft\jdk-17.0.8.7-hotspot\bin\management_ext.dll
0x00007ffd2c690000 - 0x00007ffd2c698000 	C:\WINDOWS\System32\PSAPI.DLL
0x00007ffd2a540000 - 0x00007ffd2a55b000 	C:\WINDOWS\SYSTEM32\CRYPTSP.dll
0x00007ffd29df0000 - 0x00007ffd29e25000 	C:\WINDOWS\system32\rsaenh.dll
0x00007ffd2a3b0000 - 0x00007ffd2a3d8000 	C:\WINDOWS\SYSTEM32\USERENV.dll
0x00007ffd2a530000 - 0x00007ffd2a53c000 	C:\WINDOWS\SYSTEM32\CRYPTBASE.dll
0x00007ffd298f0000 - 0x00007ffd2991d000 	C:\WINDOWS\SYSTEM32\IPHLPAPI.DLL
0x00007ffd2d870000 - 0x00007ffd2d879000 	C:\WINDOWS\System32\NSI.dll
0x00007ffd23590000 - 0x00007ffd235a9000 	C:\WINDOWS\SYSTEM32\dhcpcsvc6.DLL
0x00007ffd233e0000 - 0x00007ffd233ff000 	C:\WINDOWS\SYSTEM32\dhcpcsvc.DLL
0x00007ffd29960000 - 0x00007ffd29a62000 	C:\WINDOWS\SYSTEM32\DNSAPI.dll
0x00007ffcfdac0000 - 0x00007ffcfdace000 	C:\Program Files\Microsoft\jdk-17.0.8.7-hotspot\bin\sunmscapi.dll
0x00007ffd2b690000 - 0x00007ffd2b7f6000 	C:\WINDOWS\System32\CRYPT32.dll
0x00007ffd2a760000 - 0x00007ffd2a78d000 	C:\WINDOWS\SYSTEM32\ncrypt.dll
0x00007ffd2a720000 - 0x00007ffd2a757000 	C:\WINDOWS\SYSTEM32\NTASN1.dll
0x00007ffd24ab0000 - 0x00007ffd24ab8000 	C:\WINDOWS\system32\wshunix.dll

dbghelp: loaded successfully - version: 4.0.5 - missing functions: none
symbol engine: initialized successfully - sym options: 0x614 - pdb path: .;C:\Program Files\Microsoft\jdk-17.0.8.7-hotspot\bin;C:\WINDOWS\SYSTEM32;C:\WINDOWS\WinSxS\amd64_microsoft.windows.common-controls_6595b64144ccf1df_6.0.22621.4541_none_2710d1c57384c085;C:\Program Files\Microsoft\jdk-17.0.8.7-hotspot\bin\server;C:\Users\ok\.gradle\native\c067742578af261105cb4f569cf0c3c89f3d7b1fecec35dd04571415982c5e48\windows-amd64;C:\Users\ok\.gradle\native\jansi\1.18\windows64

VM Arguments:
jvm_args: -Xmx64m -Xms64m -Dorg.gradle.appname=gradlew 
java_command: org.gradle.wrapper.GradleWrapperMain app:assembleDebug -x lint -x test --configure-on-demand --build-cache -PreactNativeDevServerPort=8081 -PreactNativeArchitectures=arm64-v8a,armeabi-v7a
java_class_path (initial): E:\SwiftListApp\android\\gradle\wrapper\gradle-wrapper.jar
Launcher Type: SUN_STANDARD

[Global flags]
     intx CICompilerCount                          = 3                                         {product} {ergonomic}
     uint ConcGCThreads                            = 1                                         {product} {ergonomic}
     uint G1ConcRefinementThreads                  = 4                                         {product} {ergonomic}
   size_t G1HeapRegionSize                         = 1048576                                   {product} {ergonomic}
    uintx GCDrainStackTargetSize                   = 64                                        {product} {ergonomic}
   size_t InitialHeapSize                          = 67108864                                  {product} {command line}
   size_t MarkStackSize                            = 4194304                                   {product} {ergonomic}
   size_t MaxHeapSize                              = 67108864                                  {product} {command line}
   size_t MaxNewSize                               = 39845888                                  {product} {ergonomic}
   size_t MinHeapDeltaBytes                        = 1048576                                   {product} {ergonomic}
   size_t MinHeapSize                              = 67108864                                  {product} {command line}
    uintx NonNMethodCodeHeapSize                   = 5832780                                {pd product} {ergonomic}
    uintx NonProfiledCodeHeapSize                  = 122912730                              {pd product} {ergonomic}
    uintx ProfiledCodeHeapSize                     = 122912730                              {pd product} {ergonomic}
    uintx ReservedCodeCacheSize                    = 251658240                              {pd product} {ergonomic}
     bool SegmentedCodeCache                       = true                                      {product} {ergonomic}
   size_t SoftMaxHeapSize                          = 67108864                               {manageable} {ergonomic}
     bool UseCompressedClassPointers               = true                           {product lp64_product} {ergonomic}
     bool UseCompressedOops                        = true                           {product lp64_product} {ergonomic}
     bool UseG1GC                                  = true                                      {product} {ergonomic}
     bool UseLargePagesIndividualAllocation        = false                                  {pd product} {ergonomic}

Logging:
Log output configuration:
 #0: stdout all=warning uptime,level,tags
 #1: stderr all=off uptime,level,tags

Environment Variables:
JAVA_HOME=C:\Program Files\Microsoft\jdk-17.0.8.7-hotspot\
CLASSPATH=E:\SwiftListApp\android\\gradle\wrapper\gradle-wrapper.jar
PATH=E:\SwiftListApp\node_modules\.bin;E:\SwiftListApp\node_modules\.bin;E:\node_modules\.bin;C:\Users\ok\AppData\Roaming\npm\node_modules\npm\node_modules\@npmcli\run-script\lib\node-gyp-bin;C:\src\flutter\bin;C:\Program Files\Common Files\Oracle\Java\javapath;C:\Program Files\nodejs;C:\Program Files\Java\jdk-17\bin;C:\WINDOWS\system32;C:\WINDOWS;C:\WINDOWS\System32\Wbem;C:\WINDOWS\System32\WindowsPowerShell\v1.0\;C:\WINDOWS\System32\OpenSSH\;C:\xampp\zampp\php;C:\xampp\php;C:\Program Files\Git\cmd;C:\ProgramData\chocolatey\bin;C:\sqlite;C:\Program Files\openlogic-openjdk-11.0.21+9-windows-x64;C:\Users\ok\AppData\Local\Android\Sdk\platform-tools;C:\Users\ok\Desktop\React Native & Javascript\projects\syed-chat\node_modules\.bin;C:\Users\ok\AppData\Local\Android\Sdk;C:\Program Files\Git\bin;C:\Program Files\Android\Android Studio\bin;C:\Users\ok\AppData\Local\Android\Sdk;C:\Users\ok\AppData\Local\Android\Sdk\platform-tools;C:\Users\ok\AppData\Local\Microsoft\WindowsApps;C:\Users\ok\AppData\Local\GitHubDesktop\bin;C:\Users\ok\AppData\Local\Programs\Microsoft VS Code\bin;C:\Program Files\JetBrains\IntelliJ IDEA Community Edition 2023.2.3\bin;;C:\Users\ok\AppData\Roaming\npm;C:\Users\ok\Desktop\React Native & Javascript\projects\syed-chat\node_modules\.bin;C:\Program Files\Java\jdk-17\bin;C:\src\flutter\bin;
USERNAME=ok
LANG=en_US.UTF-8
OS=Windows_NT
PROCESSOR_IDENTIFIER=Intel64 Family 6 Model 126 Stepping 5, GenuineIntel
TMP=C:\Users\ok\AppData\Local\Temp
TEMP=C:\Users\ok\AppData\Local\Temp



---------------  S Y S T E M  ---------------

OS:
 Windows 11 , 64 bit Build 22621 (10.0.22621.4391)
OS uptime: 0 days 2:38 hours
Hyper-V role detected

CPU: total 4 (initial active 4) (2 cores per cpu, 2 threads per core) family 6 model 126 stepping 5 microcode 0xa6, cx8, cmov, fxsr, ht, mmx, 3dnowpref, sse, sse2, sse3, ssse3, sse4.1, sse4.2, popcnt, lzcnt, tsc, tscinvbit, avx, avx2, aes, erms, clmul, bmi1, bmi2, adx, avx512f, avx512dq, avx512cd, avx512bw, avx512vl, sha, fma, vzeroupper, avx512_vpopcntdq, avx512_vpclmulqdq, avx512_vaes, avx512_vnni, clflush, clflushopt, avx512_vbmi2, avx512_vbmi, hv
Processor Information for all 4 processors :
  Max Mhz: 1190, Current Mhz: 1190, Mhz Limit: 1190

Memory: 4k page, system-wide physical 12069M (706M free)
TotalPageFile size 29733M (AvailPageFile size 15735M)
current process WorkingSet (physical memory assigned to process): 99M, peak: 99M
current process commit charge ("private bytes"): 158M, peak: 162M

vm_info: OpenJDK 64-Bit Server VM (17.0.8+7-LTS) for windows-amd64 JRE (17.0.8+7-LTS), built on Jul  7 2023 17:21:55 by "MicrosoftCorporation" with MS VC++ 16.10 / 16.11 (VS2019)

END.
